android/app/build/outputs/logs/manifest-merger-debug-report.txt
-- Merging decision tree log ---
manifest
ADDED from src/main/AndroidManifest.xml:1:1-66:12
	package
		ADDED from src/main/AndroidManifest.xml:2:5-29
		INJECTED from src/main/AndroidManifest.xml
		INJECTED from src/main/AndroidManifest.xml
	android:versionName
		ADDED from src/main/AndroidManifest.xml:4:5-30
		INJECTED from src/main/AndroidManifest.xml
		INJECTED from src/main/AndroidManifest.xml
	android:versionCode
		ADDED from src/main/AndroidManifest.xml:3:5-28
		INJECTED from src/main/AndroidManifest.xml
		INJECTED from src/main/AndroidManifest.xml
	xmlns:android
		ADDED from src/main/AndroidManifest.xml:1:11-69
uses-permission#android.permission.INTERNET
ADDED from src/main/AndroidManifest.xml:6:5-67
MERGED from [Rugbyvault:react-native-firebase:unspecified] AndroidManifest.xml:11:5-67
MERGED from [Rugbyvault:react-native-code-push:unspecified] AndroidManifest.xml:11:5-67
MERGED from [com.instabug.library:instabug-core:8.0.4] AndroidManifest.xml:15:5-67
MERGED from [com.google.firebase:firebase-analytics:11.8.0] AndroidManifest.xml:23:5-67
MERGED from [com.google.firebase:firebase-analytics-impl:11.8.0] AndroidManifest.xml:23:5-67
MERGED from [com.google.android.gms:play-services-maps:11.8.0] AndroidManifest.xml:24:5-67
MERGED from [com.google.firebase:firebase-iid:11.8.0] AndroidManifest.xml:23:5-67
	android:name
		ADDED from src/main/AndroidManifest.xml:6:22-64
uses-permission#android.permission.SYSTEM_ALERT_WINDOW
ADDED from src/main/AndroidManifest.xml:7:5-77
MERGED from [Rugbyvault:react-native-picker:unspecified] AndroidManifest.xml:11:5-78
MERGED from [com.facebook.react:react-native:0.57.1] AndroidManifest.xml:11:5-78
	android:name
		ADDED from src/main/AndroidManifest.xml:7:22-75
uses-permission#android.permission.RECEIVE_BOOT_COMPLETED
ADDED from src/main/AndroidManifest.xml:8:5-80
	android:name
		ADDED from src/main/AndroidManifest.xml:8:22-78
uses-permission#android.permission.VIBRATE
ADDED from src/main/AndroidManifest.xml:9:5-66
	android:name
		ADDED from src/main/AndroidManifest.xml:9:22-63
uses-sdk
ADDED from src/main/AndroidManifest.xml:11:5-13:41
MERGED from [Rugbyvault:react-native-sound:unspecified] AndroidManifest.xml:9:5-11:41
MERGED from [Rugbyvault:react-native-firebase:unspecified] AndroidManifest.xml:7:5-9:41
MERGED from [Rugbyvault:tipsi-stripe:unspecified] AndroidManifest.xml:7:5-9:41
MERGED from [com.stripe:stripe-android:2.1.0] AndroidManifest.xml:7:5-9:41
MERGED from [com.github.tipsi:CreditCardEntry:1.4.8.7] AndroidManifest.xml:8:5-10:41
MERGED from [Rugbyvault:react-native-svg:unspecified] AndroidManifest.xml:7:5-9:41
MERGED from [Rugbyvault:react-native-splash-screen:unspecified] AndroidManifest.xml:7:5-9:41
MERGED from [Rugbyvault:react-native-linear-gradient:unspecified] AndroidManifest.xml:7:5-9:41
MERGED from [Rugbyvault:react-native-code-push:unspecified] AndroidManifest.xml:7:5-9:41
MERGED from [Rugbyvault:instabug-reactnative:unspecified] AndroidManifest.xml:7:5-9:41
MERGED from [com.instabug.library:instabug:8.0.4] AndroidManifest.xml:6:5-8:41
MERGED from [com.instabug.library:instabug-survey:8.0.4] AndroidManifest.xml:7:5-9:41
MERGED from [com.instabug.library:instabug-crash:8.0.4] AndroidManifest.xml:7:5-9:41
MERGED from [com.instabug.library:instabug-bug:8.0.4] AndroidManifest.xml:7:5-9:41
MERGED from [com.instabug.library:instabug-chat:8.0.4] AndroidManifest.xml:7:5-9:41
MERGED from [com.instabug.library:instabug-features-request:8.0.4] AndroidManifest.xml:7:5-9:41
MERGED from [com.instabug.library:instabug-core:8.0.4] AndroidManifest.xml:5:5-7:41
MERGED from [io.reactivex.rxjava2:rxandroid:2.0.2] AndroidManifest.xml:19:5-43
MERGED from [com.android.support:design:26.0.2] AndroidManifest.xml:21:5-23:62
MERGED from [com.android.support:recyclerview-v7:26.0.2] AndroidManifest.xml:20:5-44
MERGED from [com.android.support:transition:26.0.2] AndroidManifest.xml:20:5-44
MERGED from [Rugbyvault:react-native-picker:unspecified] AndroidManifest.xml:7:5-9:41
MERGED from [com.android.support:multidex:1.0.1] AndroidManifest.xml:18:5-42
MERGED from [com.facebook.react:react-native:0.57.1] AndroidManifest.xml:7:5-9:41
MERGED from [com.android.support:appcompat-v7:26.0.2] AndroidManifest.xml:21:5-23:78
MERGED from [com.android.support:animated-vector-drawable:26.0.2] AndroidManifest.xml:20:5-44
MERGED from [com.android.support:support-vector-drawable:26.0.2] AndroidManifest.xml:20:5-44
MERGED from [com.facebook.fresco:fresco:1.10.0] AndroidManifest.xml:5:5-7:41
MERGED from [com.facebook.fresco:drawee:1.10.0] AndroidManifest.xml:5:5-7:41
MERGED from [com.facebook.fresco:imagepipeline-okhttp3:1.10.0] AndroidManifest.xml:5:5-7:41
MERGED from [com.facebook.fresco:imagepipeline:1.10.0] AndroidManifest.xml:5:5-7:41
MERGED from [com.facebook.fresco:imagepipeline-base:1.10.0] AndroidManifest.xml:5:5-7:41
MERGED from [com.facebook.fresco:fbcore:1.10.0] AndroidManifest.xml:5:5-7:41
MERGED from [com.facebook.soloader:soloader:0.5.1] AndroidManifest.xml:7:5-9:41
MERGED from [com.google.firebase:firebase-core:11.8.0] AndroidManifest.xml:4:5-43
MERGED from [com.google.firebase:firebase-analytics:11.8.0] AndroidManifest.xml:20:5-44
MERGED from [com.google.firebase:firebase-analytics-impl:11.8.0] AndroidManifest.xml:20:5-44
MERGED from [com.google.firebase:firebase-analytics-impl-license:11.8.0] AndroidManifest.xml:4:5-43
MERGED from [com.google.firebase:firebase-analytics-license:11.8.0] AndroidManifest.xml:4:5-43
MERGED from [com.google.firebase:firebase-auth:11.8.0] AndroidManifest.xml:20:5-44
MERGED from [com.google.firebase:firebase-auth-license:11.8.0] AndroidManifest.xml:4:5-43
MERGED from [com.google.android.gms:play-services-wallet:11.8.0] AndroidManifest.xml:20:5-44
MERGED from [com.google.android.gms:play-services-identity:11.8.0] AndroidManifest.xml:20:5-44
MERGED from [com.google.android.gms:play-services-identity-license:11.8.0] AndroidManifest.xml:4:5-43
MERGED from [com.google.android.gms:play-services-maps:11.8.0] AndroidManifest.xml:20:5-44
MERGED from [com.google.android.gms:play-services-base:11.8.0] AndroidManifest.xml:20:5-44
MERGED from [com.google.android.gms:play-services-base-license:11.8.0] AndroidManifest.xml:4:5-43
MERGED from [com.google.android.gms:play-services-maps-license:11.8.0] AndroidManifest.xml:4:5-43
MERGED from [com.google.android.gms:play-services-wallet-license:11.8.0] AndroidManifest.xml:4:5-43
MERGED from [com.google.firebase:firebase-messaging:11.8.0] AndroidManifest.xml:20:5-44
MERGED from [com.google.firebase:firebase-iid:11.8.0] AndroidManifest.xml:20:5-44
MERGED from [com.google.firebase:firebase-iid-license:11.8.0] AndroidManifest.xml:4:5-43
MERGED from [com.google.firebase:firebase-common:11.8.0] AndroidManifest.xml:5:5-44
MERGED from [com.google.android.gms:play-services-tasks:11.8.0] AndroidManifest.xml:5:5-44
MERGED from [com.google.android.gms:play-services-basement:11.8.0] AndroidManifest.xml:20:5-44
MERGED from [com.android.support:support-v4:26.0.2] AndroidManifest.xml:21:5-23:54
MERGED from [com.android.support:support-media-compat:26.0.2] AndroidManifest.xml:21:5-23:63
MERGED from [com.android.support:support-fragment:26.0.2] AndroidManifest.xml:21:5-23:60
MERGED from [com.android.support:support-core-ui:26.0.2] AndroidManifest.xml:21:5-23:58
MERGED from [com.android.support:support-core-utils:26.0.2] AndroidManifest.xml:21:5-23:61
MERGED from [com.android.support:support-compat:26.0.2] AndroidManifest.xml:21:5-23:58
MERGED from [com.google.android.gms:play-services-basement-license:11.8.0] AndroidManifest.xml:4:5-43
MERGED from [com.google.android.gms:play-services-tasks-license:11.8.0] AndroidManifest.xml:4:5-43
MERGED from [com.google.firebase:firebase-common-license:11.8.0] AndroidManifest.xml:4:5-43
MERGED from [com.google.firebase:firebase-messaging-license:11.8.0] AndroidManifest.xml:4:5-43
	tools:overrideLibrary
		ADDED from [com.android.support:design:26.0.2] AndroidManifest.xml:23:9-59
	android:targetSdkVersion
		ADDED from src/main/AndroidManifest.xml:13:9-38
		INJECTED from src/main/AndroidManifest.xml
		INJECTED from src/main/AndroidManifest.xml
	android:minSdkVersion
		ADDED from src/main/AndroidManifest.xml:12:9-35
		INJECTED from src/main/AndroidManifest.xml
		INJECTED from src/main/AndroidManifest.xml
application
ADDED from src/main/AndroidManifest.xml:15:5-64:19
MERGED from [Rugbyvault:react-native-splash-screen:unspecified] AndroidManifest.xml:11:5-12:19
MERGED from [Rugbyvault:react-native-code-push:unspecified] AndroidManifest.xml:13:5-15:19
MERGED from [com.instabug.library:instabug:8.0.4] AndroidManifest.xml:10:5-11:19
MERGED from [com.instabug.library:instabug-survey:8.0.4] AndroidManifest.xml:11:5-21:19
MERGED from [com.instabug.library:instabug-crash:8.0.4] AndroidManifest.xml:11:5-15:19
MERGED from [com.instabug.library:instabug-bug:8.0.4] AndroidManifest.xml:14:5-37:19
MERGED from [com.instabug.library:instabug-chat:8.0.4] AndroidManifest.xml:11:5-24:19
MERGED from [com.instabug.library:instabug-features-request:8.0.4] AndroidManifest.xml:11:5-24:19
MERGED from [com.instabug.library:instabug-core:8.0.4] AndroidManifest.xml:18:5-42:19
MERGED from [com.android.support:design:26.0.2] AndroidManifest.xml:25:5-29:19
MERGED from [com.android.support:recyclerview-v7:26.0.2] AndroidManifest.xml:22:5-26:19
MERGED from [com.android.support:transition:26.0.2] AndroidManifest.xml:22:5-26:19
MERGED from [com.facebook.react:react-native:0.57.1] AndroidManifest.xml:13:5-20
MERGED from [com.android.support:appcompat-v7:26.0.2] AndroidManifest.xml:25:5-29:19
MERGED from [com.android.support:animated-vector-drawable:26.0.2] AndroidManifest.xml:22:5-26:19
MERGED from [com.android.support:support-vector-drawable:26.0.2] AndroidManifest.xml:22:5-26:19
MERGED from [com.facebook.soloader:soloader:0.5.1] AndroidManifest.xml:11:5-20
MERGED from [org.webkit:android-jsc:r174650] AndroidManifest.xml:2:3-17
MERGED from [com.google.firebase:firebase-core:11.8.0] AndroidManifest.xml:5:5-20
MERGED from [com.google.firebase:firebase-analytics:11.8.0] AndroidManifest.xml:27:5-52:19
MERGED from [com.google.firebase:firebase-analytics-impl:11.8.0] AndroidManifest.xml:27:5-38:19
MERGED from [com.google.firebase:firebase-analytics-impl-license:11.8.0] AndroidManifest.xml:5:5-20
MERGED from [com.google.firebase:firebase-analytics-license:11.8.0] AndroidManifest.xml:5:5-20
MERGED from [com.google.firebase:firebase-auth:11.8.0] AndroidManifest.xml:22:5-30:19
MERGED from [com.google.firebase:firebase-auth-license:11.8.0] AndroidManifest.xml:5:5-20
MERGED from [com.google.android.gms:play-services-identity:11.8.0] AndroidManifest.xml:22:5-20
MERGED from [com.google.android.gms:play-services-identity-license:11.8.0] AndroidManifest.xml:5:5-20
MERGED from [com.google.android.gms:play-services-maps:11.8.0] AndroidManifest.xml:30:5-20
MERGED from [com.google.android.gms:play-services-base:11.8.0] AndroidManifest.xml:22:5-27:19
MERGED from [com.google.android.gms:play-services-base-license:11.8.0] AndroidManifest.xml:5:5-20
MERGED from [com.google.android.gms:play-services-maps-license:11.8.0] AndroidManifest.xml:5:5-20
MERGED from [com.google.android.gms:play-services-wallet-license:11.8.0] AndroidManifest.xml:5:5-20
MERGED from [com.google.firebase:firebase-messaging:11.8.0] AndroidManifest.xml:22:5-35:19
MERGED from [com.google.firebase:firebase-iid:11.8.0] AndroidManifest.xml:34:5-57:19
MERGED from [com.google.firebase:firebase-iid-license:11.8.0] AndroidManifest.xml:5:5-20
MERGED from [com.google.firebase:firebase-common:11.8.0] AndroidManifest.xml:7:5-13:19
MERGED from [com.google.android.gms:play-services-tasks:11.8.0] AndroidManifest.xml:7:5-20
MERGED from [com.google.android.gms:play-services-basement:11.8.0] AndroidManifest.xml:22:5-26:19
MERGED from [com.android.support:support-v4:26.0.2] AndroidManifest.xml:25:5-29:19
MERGED from [com.android.support:support-media-compat:26.0.2] AndroidManifest.xml:25:5-29:19
MERGED from [com.android.support:support-fragment:26.0.2] AndroidManifest.xml:25:5-29:19
MERGED from [com.android.support:support-core-ui:26.0.2] AndroidManifest.xml:25:5-29:19
MERGED from [com.android.support:support-core-utils:26.0.2] AndroidManifest.xml:25:5-29:19
MERGED from [com.android.support:support-compat:26.0.2] AndroidManifest.xml:25:5-29:19
MERGED from [com.google.android.gms:play-services-basement-license:11.8.0] AndroidManifest.xml:5:5-20
MERGED from [com.google.android.gms:play-services-tasks-license:11.8.0] AndroidManifest.xml:5:5-20
MERGED from [com.google.firebase:firebase-common-license:11.8.0] AndroidManifest.xml:5:5-20
MERGED from [com.google.firebase:firebase-messaging-license:11.8.0] AndroidManifest.xml:5:5-20
	android:label
		ADDED from src/main/AndroidManifest.xml:18:7-39
	android:allowBackup
		ADDED from src/main/AndroidManifest.xml:17:7-33
	android:icon
		ADDED from src/main/AndroidManifest.xml:19:7-41
	android:theme
		ADDED from src/main/AndroidManifest.xml:20:7-38
	android:name
		ADDED from src/main/AndroidManifest.xml:16:7-38
activity#com.rugbyvault.SplashActivity
ADDED from src/main/AndroidManifest.xml:21:7-32:18
	android:screenOrientation
		ADDED from src/main/AndroidManifest.xml:24:9-45
	android:label
		ADDED from src/main/AndroidManifest.xml:23:9-41
	android:windowSoftInputMode
		ADDED from src/main/AndroidManifest.xml:26:9-51
	android:configChanges
		ADDED from src/main/AndroidManifest.xml:25:9-79
	android:theme
		ADDED from src/main/AndroidManifest.xml:27:11-45
	android:name
		ADDED from src/main/AndroidManifest.xml:22:9-39
intent-filter#android.intent.action.MAIN+android.intent.category.LAUNCHER
ADDED from src/main/AndroidManifest.xml:28:9-31:25
action#android.intent.action.MAIN
ADDED from src/main/AndroidManifest.xml:29:13-65
	android:name
		ADDED from src/main/AndroidManifest.xml:29:21-62
category#android.intent.category.LAUNCHER
ADDED from src/main/AndroidManifest.xml:30:13-73
	android:name
		ADDED from src/main/AndroidManifest.xml:30:23-70
activity#com.rugbyvault.MainActivity
ADDED from src/main/AndroidManifest.xml:33:9-37:43
	android:screenOrientation
		ADDED from src/main/AndroidManifest.xml:35:11-47
	android:launchMode
		ADDED from src/main/AndroidManifest.xml:37:11-41
	android:theme
		ADDED from src/main/AndroidManifest.xml:36:11-42
	android:name
		ADDED from src/main/AndroidManifest.xml:34:11-39
activity#com.facebook.react.devsupport.DevSettingsActivity
ADDED from src/main/AndroidManifest.xml:38:7-84
MERGED from [Rugbyvault:react-native-code-push:unspecified] AndroidManifest.xml:14:9-86
	android:name
		ADDED from src/main/AndroidManifest.xml:38:17-81
service#io.invertase.firebase.messaging.MessagingService
ADDED from src/main/AndroidManifest.xml:39:7-46:17
	android:enabled
		ADDED from src/main/AndroidManifest.xml:41:9-31
	android:exported
		ADDED from src/main/AndroidManifest.xml:42:9-32
	android:name
		ADDED from src/main/AndroidManifest.xml:40:9-72
intent-filter#com.google.firebase.MESSAGING_EVENT
ADDED from src/main/AndroidManifest.xml:43:11-45:27
action#com.google.firebase.MESSAGING_EVENT
ADDED from src/main/AndroidManifest.xml:44:13-74
	android:name
		ADDED from src/main/AndroidManifest.xml:44:21-71
service#io.invertase.firebase.messaging.InstanceIdService
ADDED from src/main/AndroidManifest.xml:47:7-51:17
	android:exported
		ADDED from src/main/AndroidManifest.xml:47:81-105
	android:name
		ADDED from src/main/AndroidManifest.xml:47:16-80
intent-filter#com.google.firebase.INSTANCE_ID_EVENT
ADDED from src/main/AndroidManifest.xml:48:9-50:25
action#com.google.firebase.INSTANCE_ID_EVENT
ADDED from src/main/AndroidManifest.xml:49:11-73
	android:name
		ADDED from src/main/AndroidManifest.xml:49:19-71
receiver#io.invertase.firebase.messaging.RNFirebaseLocalMessagingPublisher
ADDED from src/main/AndroidManifest.xml:52:7-99
	android:name
		ADDED from src/main/AndroidManifest.xml:52:17-97
receiver#io.invertase.firebase.messaging.RNFirebaseSystemBootEventReceiver
ADDED from src/main/AndroidManifest.xml:53:7-60:18
	android:enabled
		ADDED from src/main/AndroidManifest.xml:53:17-39
	android:exported
		ADDED from src/main/AndroidManifest.xml:53:40-63
	android:name
		ADDED from src/main/AndroidManifest.xml:53:64-144
intent-filter#android.intent.action.BOOT_COMPLETED+android.intent.action.QUICKBOOT_POWERON+android.intent.category.DEFAULT+com.htc.intent.action.QUICKBOOT_POWERON
ADDED from src/main/AndroidManifest.xml:54:9-59:25
action#android.intent.action.BOOT_COMPLETED
ADDED from src/main/AndroidManifest.xml:55:11-72
	android:name
		ADDED from src/main/AndroidManifest.xml:55:19-70
action#android.intent.action.QUICKBOOT_POWERON
ADDED from src/main/AndroidManifest.xml:56:11-75
	android:name
		ADDED from src/main/AndroidManifest.xml:56:19-73
action#com.htc.intent.action.QUICKBOOT_POWERON
ADDED from src/main/AndroidManifest.xml:57:11-75
	android:name
		ADDED from src/main/AndroidManifest.xml:57:19-73
category#android.intent.category.DEFAULT
ADDED from src/main/AndroidManifest.xml:58:11-70
	android:name
		ADDED from src/main/AndroidManifest.xml:58:21-67
activity#com.instabug.survey.ui.SurveyActivity
ADDED from [com.instabug.library:instabug-survey:8.0.4] AndroidManifest.xml:12:9-16:58
	android:launchMode
		ADDED from [com.instabug.library:instabug-survey:8.0.4] AndroidManifest.xml:14:13-43
	android:windowSoftInputMode
		ADDED from [com.instabug.library:instabug-survey:8.0.4] AndroidManifest.xml:16:13-55
	android:theme
		ADDED from [com.instabug.library:instabug-survey:8.0.4] AndroidManifest.xml:15:13-63
	android:name
		ADDED from [com.instabug.library:instabug-survey:8.0.4] AndroidManifest.xml:13:13-65
service#com.instabug.survey.network.service.InstabugSurveysSubmitterService
ADDED from [com.instabug.library:instabug-survey:8.0.4] AndroidManifest.xml:18:9-20:72
	android:permission
		ADDED from [com.instabug.library:instabug-survey:8.0.4] AndroidManifest.xml:20:13-69
	android:name
		ADDED from [com.instabug.library:instabug-survey:8.0.4] AndroidManifest.xml:19:13-95
service#com.instabug.crash.network.InstabugCrashesUploaderService
ADDED from [com.instabug.library:instabug-crash:8.0.4] AndroidManifest.xml:12:9-14:72
	android:permission
		ADDED from [com.instabug.library:instabug-crash:8.0.4] AndroidManifest.xml:14:13-69
	android:name
		ADDED from [com.instabug.library:instabug-crash:8.0.4] AndroidManifest.xml:13:13-85
uses-permission#android.permission.WRITE_EXTERNAL_STORAGE
ADDED from [com.instabug.library:instabug-bug:8.0.4] AndroidManifest.xml:11:5-81
MERGED from [com.instabug.library:instabug-core:8.0.4] AndroidManifest.xml:10:5-81
	android:name
		ADDED from [com.instabug.library:instabug-bug:8.0.4] AndroidManifest.xml:11:22-78
uses-permission#android.permission.READ_EXTERNAL_STORAGE
ADDED from [com.instabug.library:instabug-bug:8.0.4] AndroidManifest.xml:12:5-80
MERGED from [com.instabug.library:instabug-core:8.0.4] AndroidManifest.xml:11:5-80
	android:name
		ADDED from [com.instabug.library:instabug-bug:8.0.4] AndroidManifest.xml:12:22-77
activity#com.instabug.bug.view.BugReportingActivity
ADDED from [com.instabug.library:instabug-bug:8.0.4] AndroidManifest.xml:15:9-29:20
	android:launchMode
		ADDED from [com.instabug.library:instabug-bug:8.0.4] AndroidManifest.xml:17:13-44
	android:windowSoftInputMode
		ADDED from [com.instabug.library:instabug-bug:8.0.4] AndroidManifest.xml:19:13-55
	android:theme
		ADDED from [com.instabug.library:instabug-bug:8.0.4] AndroidManifest.xml:18:13-52
	android:name
		ADDED from [com.instabug.library:instabug-bug:8.0.4] AndroidManifest.xml:16:13-70
intent-filter#android.intent.action.VIEW+android.intent.category.DEFAULT
ADDED from [com.instabug.library:instabug-bug:8.0.4] AndroidManifest.xml:20:13-28:29
data
ADDED from [com.instabug.library:instabug-bug:8.0.4] AndroidManifest.xml:21:17-23:53
	android:host
		ADDED from [com.instabug.library:instabug-bug:8.0.4] AndroidManifest.xml:22:21-59
	android:scheme
		ADDED from [com.instabug.library:instabug-bug:8.0.4] AndroidManifest.xml:23:21-50
action#android.intent.action.VIEW
ADDED from [com.instabug.library:instabug-bug:8.0.4] AndroidManifest.xml:27:17-69
	android:name
		ADDED from [com.instabug.library:instabug-bug:8.0.4] AndroidManifest.xml:27:25-66
service#com.instabug.bug.network.InstabugBugsUploaderService
ADDED from [com.instabug.library:instabug-bug:8.0.4] AndroidManifest.xml:31:9-33:72
	android:permission
		ADDED from [com.instabug.library:instabug-bug:8.0.4] AndroidManifest.xml:33:13-69
	android:name
		ADDED from [com.instabug.library:instabug-bug:8.0.4] AndroidManifest.xml:32:13-80
service#com.instabug.bug.view.actionList.service.ReportCategoriesService
ADDED from [com.instabug.library:instabug-bug:8.0.4] AndroidManifest.xml:34:9-36:72
	android:permission
		ADDED from [com.instabug.library:instabug-bug:8.0.4] AndroidManifest.xml:36:13-69
	android:name
		ADDED from [com.instabug.library:instabug-bug:8.0.4] AndroidManifest.xml:35:13-92
activity#com.instabug.chat.ui.ChatActivity
ADDED from [com.instabug.library:instabug-chat:8.0.4] AndroidManifest.xml:12:9-16:58
	android:launchMode
		ADDED from [com.instabug.library:instabug-chat:8.0.4] AndroidManifest.xml:14:13-43
	android:windowSoftInputMode
		ADDED from [com.instabug.library:instabug-chat:8.0.4] AndroidManifest.xml:16:13-55
	android:theme
		ADDED from [com.instabug.library:instabug-chat:8.0.4] AndroidManifest.xml:15:13-52
	android:name
		ADDED from [com.instabug.library:instabug-chat:8.0.4] AndroidManifest.xml:13:13-61
service#com.instabug.chat.network.InstabugMessageUploaderService
ADDED from [com.instabug.library:instabug-chat:8.0.4] AndroidManifest.xml:18:9-20:72
	android:permission
		ADDED from [com.instabug.library:instabug-chat:8.0.4] AndroidManifest.xml:20:13-69
	android:name
		ADDED from [com.instabug.library:instabug-chat:8.0.4] AndroidManifest.xml:19:13-84
service#com.instabug.chat.network.InstabugPushNotificationTokenService
ADDED from [com.instabug.library:instabug-chat:8.0.4] AndroidManifest.xml:21:9-23:72
	android:permission
		ADDED from [com.instabug.library:instabug-chat:8.0.4] AndroidManifest.xml:23:13-69
	android:name
		ADDED from [com.instabug.library:instabug-chat:8.0.4] AndroidManifest.xml:22:13-90
activity#com.instabug.featuresrequest.ui.FeaturesRequestActivity
ADDED from [com.instabug.library:instabug-features-request:8.0.4] AndroidManifest.xml:12:9-16:58
	android:launchMode
		ADDED from [com.instabug.library:instabug-features-request:8.0.4] AndroidManifest.xml:14:13-43
	android:windowSoftInputMode
		ADDED from [com.instabug.library:instabug-features-request:8.0.4] AndroidManifest.xml:16:13-55
	android:theme
		ADDED from [com.instabug.library:instabug-features-request:8.0.4] AndroidManifest.xml:15:13-51
	android:name
		ADDED from [com.instabug.library:instabug-features-request:8.0.4] AndroidManifest.xml:13:13-83
service#com.instabug.featuresrequest.network.service.FeaturesRequestVoteService
ADDED from [com.instabug.library:instabug-features-request:8.0.4] AndroidManifest.xml:18:9-20:72
	android:permission
		ADDED from [com.instabug.library:instabug-features-request:8.0.4] AndroidManifest.xml:20:13-69
	android:name
		ADDED from [com.instabug.library:instabug-features-request:8.0.4] AndroidManifest.xml:19:13-99
service#com.instabug.featuresrequest.network.service.AddNewFeatureUploaderService
ADDED from [com.instabug.library:instabug-features-request:8.0.4] AndroidManifest.xml:21:9-23:72
	android:permission
		ADDED from [com.instabug.library:instabug-features-request:8.0.4] AndroidManifest.xml:23:13-69
	android:name
		ADDED from [com.instabug.library:instabug-features-request:8.0.4] AndroidManifest.xml:22:13-101
uses-permission#android.permission.ACCESS_NETWORK_STATE
ADDED from [com.instabug.library:instabug-core:8.0.4] AndroidManifest.xml:9:5-79
MERGED from [com.google.firebase:firebase-analytics:11.8.0] AndroidManifest.xml:24:5-79
MERGED from [com.google.firebase:firebase-analytics-impl:11.8.0] AndroidManifest.xml:24:5-79
MERGED from [com.google.android.gms:play-services-maps:11.8.0] AndroidManifest.xml:23:5-79
MERGED from [com.google.firebase:firebase-iid:11.8.0] AndroidManifest.xml:22:5-79
	android:name
		ADDED from [com.instabug.library:instabug-core:8.0.4] AndroidManifest.xml:9:22-76
uses-permission#android.permission.ACCESS_WIFI_STATE
ADDED from [com.instabug.library:instabug-core:8.0.4] AndroidManifest.xml:12:5-76
	android:name
		ADDED from [com.instabug.library:instabug-core:8.0.4] AndroidManifest.xml:12:22-73
uses-permission#android.permission.RECORD_AUDIO
ADDED from [com.instabug.library:instabug-core:8.0.4] AndroidManifest.xml:13:5-71
	android:name
		ADDED from [com.instabug.library:instabug-core:8.0.4] AndroidManifest.xml:13:22-68
uses-permission#android.permission.MODIFY_AUDIO_SETTINGS
ADDED from [com.instabug.library:instabug-core:8.0.4] AndroidManifest.xml:14:5-80
	android:name
		ADDED from [com.instabug.library:instabug-core:8.0.4] AndroidManifest.xml:14:22-77
uses-permission#android.permission.WAKE_LOCK
ADDED from [com.instabug.library:instabug-core:8.0.4] AndroidManifest.xml:16:5-68
MERGED from [com.google.firebase:firebase-analytics:11.8.0] AndroidManifest.xml:25:5-68
MERGED from [com.google.firebase:firebase-analytics-impl:11.8.0] AndroidManifest.xml:25:5-68
MERGED from [com.google.firebase:firebase-iid:11.8.0] AndroidManifest.xml:24:5-68
	android:name
		ADDED from [com.instabug.library:instabug-core:8.0.4] AndroidManifest.xml:16:22-65
service#com.instabug.library.network.worker.uploader.InstabugSessionUploaderService
ADDED from [com.instabug.library:instabug-core:8.0.4] AndroidManifest.xml:19:9-21:72
	android:permission
		ADDED from [com.instabug.library:instabug-core:8.0.4] AndroidManifest.xml:21:13-69
	android:name
		ADDED from [com.instabug.library:instabug-core:8.0.4] AndroidManifest.xml:20:13-103
service#com.instabug.library.internal.video.VideoProcessingService
ADDED from [com.instabug.library:instabug-core:8.0.4] AndroidManifest.xml:22:9-24:72
	android:permission
		ADDED from [com.instabug.library:instabug-core:8.0.4] AndroidManifest.xml:24:13-69
	android:name
		ADDED from [com.instabug.library:instabug-core:8.0.4] AndroidManifest.xml:23:13-86
service#com.instabug.library.analytics.network.InstabugAnalyticsUploaderService
ADDED from [com.instabug.library:instabug-core:8.0.4] AndroidManifest.xml:25:9-27:72
	android:permission
		ADDED from [com.instabug.library:instabug-core:8.0.4] AndroidManifest.xml:27:13-69
	android:name
		ADDED from [com.instabug.library:instabug-core:8.0.4] AndroidManifest.xml:26:13-99
activity#com.instabug.library.internal.video.RequestPermissionActivity
ADDED from [com.instabug.library:instabug-core:8.0.4] AndroidManifest.xml:29:9-31:75
	android:theme
		ADDED from [com.instabug.library:instabug-core:8.0.4] AndroidManifest.xml:31:13-72
	android:name
		ADDED from [com.instabug.library:instabug-core:8.0.4] AndroidManifest.xml:30:13-89
activity#com.instabug.library.invocation.invocationdialog.InstabugDialogActivity
ADDED from [com.instabug.library:instabug-core:8.0.4] AndroidManifest.xml:32:9-35:66
	android:launchMode
		ADDED from [com.instabug.library:instabug-core:8.0.4] AndroidManifest.xml:34:13-44
	android:theme
		ADDED from [com.instabug.library:instabug-core:8.0.4] AndroidManifest.xml:35:13-63
	android:name
		ADDED from [com.instabug.library:instabug-core:8.0.4] AndroidManifest.xml:33:13-99
activity#com.instabug.library.ui.onboarding.OnboardingActivity
ADDED from [com.instabug.library:instabug-core:8.0.4] AndroidManifest.xml:36:9-39:66
	android:launchMode
		ADDED from [com.instabug.library:instabug-core:8.0.4] AndroidManifest.xml:38:13-44
	android:theme
		ADDED from [com.instabug.library:instabug-core:8.0.4] AndroidManifest.xml:39:13-63
	android:name
		ADDED from [com.instabug.library:instabug-core:8.0.4] AndroidManifest.xml:37:13-81
service#com.instabug.library.internal.video.AutoScreenRecordingService
ADDED from [com.instabug.library:instabug-core:8.0.4] AndroidManifest.xml:41:9-98
	android:name
		ADDED from [com.instabug.library:instabug-core:8.0.4] AndroidManifest.xml:41:18-95
meta-data#android.support.VERSION
ADDED from [com.android.support:design:26.0.2] AndroidManifest.xml:26:9-28:38
MERGED from [com.android.support:recyclerview-v7:26.0.2] AndroidManifest.xml:23:9-25:38
MERGED from [com.android.support:transition:26.0.2] AndroidManifest.xml:23:9-25:38
MERGED from [com.android.support:appcompat-v7:26.0.2] AndroidManifest.xml:26:9-28:38
MERGED from [com.android.support:animated-vector-drawable:26.0.2] AndroidManifest.xml:23:9-25:38
MERGED from [com.android.support:support-vector-drawable:26.0.2] AndroidManifest.xml:23:9-25:38
MERGED from [com.android.support:support-v4:26.0.2] AndroidManifest.xml:26:9-28:38
MERGED from [com.android.support:support-media-compat:26.0.2] AndroidManifest.xml:26:9-28:38
MERGED from [com.android.support:support-fragment:26.0.2] AndroidManifest.xml:26:9-28:38
MERGED from [com.android.support:support-core-ui:26.0.2] AndroidManifest.xml:26:9-28:38
MERGED from [com.android.support:support-core-utils:26.0.2] AndroidManifest.xml:26:9-28:38
MERGED from [com.android.support:support-compat:26.0.2] AndroidManifest.xml:26:9-28:38
	android:value
		ADDED from [com.android.support:design:26.0.2] AndroidManifest.xml:28:13-35
	android:name
		ADDED from [com.android.support:design:26.0.2] AndroidManifest.xml:27:13-51
android:uses-permission#android.permission.READ_PHONE_STATE
IMPLIED from src/main/AndroidManifest.xml:1:1-66:12 reason: org.webkit.android_jsc has a targetSdkVersion < 4
receiver#com.google.android.gms.measurement.AppMeasurementReceiver
ADDED from [com.google.firebase:firebase-analytics:11.8.0] AndroidManifest.xml:28:9-32:20
MERGED from [com.google.firebase:firebase-analytics-impl:11.8.0] AndroidManifest.xml:28:9-32:20
	android:enabled
		ADDED from [com.google.firebase:firebase-analytics:11.8.0] AndroidManifest.xml:30:13-35
	android:exported
		ADDED from [com.google.firebase:firebase-analytics:11.8.0] AndroidManifest.xml:31:13-37
	android:name
		ADDED from [com.google.firebase:firebase-analytics:11.8.0] AndroidManifest.xml:29:13-85